<?xml version="1.0" encoding="UTF-8"?>
<robot generator="Robot 3.2.1 (Python 3.8.2 on win32)" generated="20200716 17:19:27.978" rpa="false">
<suite id="s1" name="TC1" source="C:\Users\nick\Desktop\the_algorithms\automation\robotFramework\TestCases\TC1.robot">
<test id="s1-t1" name="GoogleTest">
<kw name="Open Browser" library="SeleniumLibrary">
<doc>Opens a new browser instance to the optional ``url``.</doc>
<arguments>
<arg>http://www.google.com</arg>
<arg>chrome</arg>
</arguments>
<msg timestamp="20200716 17:19:28.227" level="INFO">Opening browser 'chrome' to base url 'http://www.google.com'.</msg>
<status status="PASS" starttime="20200716 17:19:28.227" endtime="20200716 17:19:33.055"></status>
</kw>
<kw name="Input Text" library="SeleniumLibrary">
<doc>Types the given ``text`` into the text field identified by ``locator``.</doc>
<arguments>
<arg>name:q</arg>
<arg>test</arg>
</arguments>
<msg timestamp="20200716 17:19:33.056" level="INFO">Typing text 'test' into text field 'name:q'.</msg>
<status status="PASS" starttime="20200716 17:19:33.055" endtime="20200716 17:19:33.175"></status>
</kw>
<kw name="Click Element" library="SeleniumLibrary">
<doc>Click the element identified by ``locator``.</doc>
<arguments>
<arg>id:gsr</arg>
</arguments>
<msg timestamp="20200716 17:19:33.176" level="INFO">Clicking element 'id:gsr'.</msg>
<status status="PASS" starttime="20200716 17:19:33.176" endtime="20200716 17:19:34.446"></status>
</kw>
<status status="PASS" starttime="20200716 17:19:28.226" endtime="20200716 17:19:34.447" critical="yes"></status>
</test>
<status status="PASS" starttime="20200716 17:19:27.981" endtime="20200716 17:19:34.448"></status>
</suite>
<statistics>
<total>
<stat pass="1" fail="0">Critical Tests</stat>
<stat pass="1" fail="0">All Tests</stat>
</total>
<tag>
</tag>
<suite>
<stat pass="1" fail="0" id="s1" name="TC1">TC1</stat>
</suite>
</statistics>
<errors>
</errors>
</robot>
