<?xml version="1.0" encoding="UTF-8"?>
<robot generator="Robot 3.2.1 (Python 3.8.2 on win32)" generated="20200716 12:03:52.094" rpa="false">
<suite id="s1" name="TC1" source="C:\Users\nick\Desktop\the_algorithms\automation\robotFramework\TestCases\TC1.robot">
<test id="s1-t1" name="GoogleTest">
<kw name="Open Browser" library="SeleniumLibrary">
<doc>Opens a new browser instance to the optional ``url``.</doc>
<arguments>
<arg>http://www.google.com</arg>
<arg>chrome</arg>
</arguments>
<msg timestamp="20200716 12:03:52.349" level="INFO">Opening browser 'chrome' to base url 'http://www.google.com'.</msg>
<status status="PASS" starttime="20200716 12:03:52.349" endtime="20200716 12:03:57.261"></status>
</kw>
<status status="PASS" starttime="20200716 12:03:52.348" endtime="20200716 12:03:57.262" critical="yes"></status>
</test>
<status status="PASS" starttime="20200716 12:03:52.097" endtime="20200716 12:03:57.264"></status>
</suite>
<statistics>
<total>
<stat pass="1" fail="0">Critical Tests</stat>
<stat pass="1" fail="0">All Tests</stat>
</total>
<tag>
</tag>
<suite>
<stat pass="1" fail="0" id="s1" name="TC1">TC1</stat>
</suite>
</statistics>
<errors>
</errors>
</robot>
